
C:\Users\tomt1\alittlehouseofmyown>"C:\Program Files\SAS\Viya\SASEventStreamProcessingEngine\6.2\bin\dfesp_xml_server.exe" -http 62000 -pubsub 62001 -model file://c:\users\tomt1\alittlehouseofmyown\datainjestion.xml -loglevel esp=debug -PI_SYSTEM GPAWSAPIAFD0 -SERVER_DATABASE GPAWSAPIAFD0\GP-ProcessContext -LOCAL_HOST 62000 -AF_DATABASE GP-ProcessContext 
2020-05-06T19:23:25,439; INFO ; 00000003; DF.ESP; (dfESPengine.cpp:2051); {ea96ee62-7061-41b8-8b4e-ad45a05422a6}[Logger0001] dfESPLibrary::Initialize(): ESP Logging Services are up and running
2020-05-06T19:23:25,439; INFO ; 00000003; DF.ESP.ENGINE; (dfESPengine.cpp:676); {ea96ee62-7061-41b8-8b4e-ad45a05422a6}[Engine0044] dfESPengine::initialize() System SITE ID: unable read/write syssiteid, Engine ID: ea96ee62-7061-41b8-8b4e-ad45a05422a6
2020-05-06T19:23:25,440; INFO ; 00000003; DF.ESP; (dfESPengine.cpp:1796); {ea96ee62-7061-41b8-8b4e-ad45a05422a6}[License0007] dfESPengine::checkLicensing(): scanning licenses for product: ESP Edge
2020-05-06T19:23:25,440; DEBUG; 00000003; DF.ESP; (dfESPengine.cpp:1800); {ea96ee62-7061-41b8-8b4e-ad45a05422a6}[Engine0034] dfESPengine()->fileFinder::find(): found file C:\PROGRA~1\SAS\Viya\SASEventStreamProcessingEngine\6.2\etc\license\SASViyaV0300_9C9ZMS_Win_x64_Srv.txt
2020-05-06T19:23:25,441; INFO ; 00000003; DF.ESP; (dfESPengine.cpp:1814); {ea96ee62-7061-41b8-8b4e-ad45a05422a6}[License0007] dfESPengine::checkLicensing(): scanning licenses for product: ESP CAS Cluster
2020-05-06T19:23:25,441; DEBUG; 00000003; DF.ESP; (dfESPengine.cpp:1818); {ea96ee62-7061-41b8-8b4e-ad45a05422a6}[Engine0034] dfESPengine()->fileFinder::find(): found file C:\PROGRA~1\SAS\Viya\SASEventStreamProcessingEngine\6.2\etc\license\SASViyaV0300_9C9ZMS_Win_x64_Srv.txt
2020-05-06T19:23:25,441; INFO ; 00000003; DF.ESP; (dfESPengine.cpp:1822); {ea96ee62-7061-41b8-8b4e-ad45a05422a6}[License0004] dfESPengine::checkLicensing(): a valid ESP CAS license [C:\PROGRA~1\SAS\Viya\SASEventStreamProcessingEngine\6.2\etc\license\SASViyaV0300_9C9ZMS_Win_x64_Srv.txt] was found with: 222 days, 45 grace days, and 47 warning days remaining.
2020-05-06T19:23:25,446; INFO ; 00000003; DF.ESP; (dfESPengine.cpp:1988); {ea96ee62-7061-41b8-8b4e-ad45a05422a6}[Engine0019] dfESPengine::initializeExpressions() for engine ea96ee62-7061-41b8-8b4e-ad45a05422a6: To use the Data Quality Suite, install the Quality Knowledge Base and set environment variable DFESP_QKB to its root path
2020-05-06T19:23:26,083; DEBUG; 00000003; DF.ESP; (dfESPengine.cpp:432); {ea96ee62-7061-41b8-8b4e-ad45a05422a6}[Engine0028] dfESPengine()->fileFinder::find(): found file dfxesp_con62.dll, while searching path C:\PROGRA~1\SAS\Viya\SASEventStreamProcessingEngine\6.2\bin
2020-05-06T19:23:26,083; INFO ; 00000003; DF.ESP; (dfESPengine.cpp:457); {ea96ee62-7061-41b8-8b4e-ad45a05422a6}[Engine0006] dfESPengine::loadConnectionManager() for engine ea96ee62-7061-41b8-8b4e-ad45a05422a6: Successfully loaded connector plugin dfxesp_con62.dll, from: C:\PROGRA~1\SAS\Viya\SASEventStreamProcessingEngine\6.2\bin
2020-05-06T19:23:26,085; INFO ; 00000003; DF.ESP; (dfESPconnectorMgr.cpp:138); {ea96ee62-7061-41b8-8b4e-ad45a05422a6}[Connectors0042] connectorManagerInitialize(): Successfully loaded connector plugin esp_adapter_cpi62.dll from C:\PROGRA~1\SAS\Viya\SASEventStreamProcessingEngine\6.2\bin/plugins/
2020-05-06T19:23:26,088; INFO ; 00000003; DF.ESP; (dfESPconnectorMgr.cpp:138); {ea96ee62-7061-41b8-8b4e-ad45a05422a6}[Connectors0042] connectorManagerInitialize(): Successfully loaded connector plugin esp_db_cpi62.dll from C:\PROGRA~1\SAS\Viya\SASEventStreamProcessingEngine\6.2\bin/plugins/
2020-05-06T19:23:26,090; INFO ; 00000003; DF.ESP; (dfESPconnectorMgr.cpp:138); {ea96ee62-7061-41b8-8b4e-ad45a05422a6}[Connectors0042] connectorManagerInitialize(): Successfully loaded connector plugin esp_fs_cpi62.dll from C:\PROGRA~1\SAS\Viya\SASEventStreamProcessingEngine\6.2\bin/plugins/
2020-05-06T19:23:26,097; INFO ; 00000003; DF.ESP; (dfESPconnectorMgr.cpp:138); {ea96ee62-7061-41b8-8b4e-ad45a05422a6}[Connectors0042] connectorManagerInitialize(): Successfully loaded connector plugin esp_kafka_cpi62.dll from C:\PROGRA~1\SAS\Viya\SASEventStreamProcessingEngine\6.2\bin/plugins/
2020-05-06T19:23:26,105; INFO ; 00000003; DF.ESP; (dfESPconnectorMgr.cpp:138); {ea96ee62-7061-41b8-8b4e-ad45a05422a6}[Connectors0042] connectorManagerInitialize(): Successfully loaded connector plugin esp_kinesis_cpi62.dll from C:\PROGRA~1\SAS\Viya\SASEventStreamProcessingEngine\6.2\bin/plugins/
2020-05-06T19:23:26,108; INFO ; 00000003; DF.ESP; (dfESPconnectorMgr.cpp:138); {ea96ee62-7061-41b8-8b4e-ad45a05422a6}[Connectors0042] connectorManagerInitialize(): Successfully loaded connector plugin esp_nurego_cpi62.dll from C:\PROGRA~1\SAS\Viya\SASEventStreamProcessingEngine\6.2\bin/plugins/
2020-05-06T19:23:26,109; INFO ; 00000003; DF.ESP; (dfESPconnectorMgr.cpp:138); {ea96ee62-7061-41b8-8b4e-ad45a05422a6}[Connectors0042] connectorManagerInitialize(): Successfully loaded connector plugin esp_opcua_cpi62.dll from C:\PROGRA~1\SAS\Viya\SASEventStreamProcessingEngine\6.2\bin/plugins/
2020-05-06T19:23:26,118; INFO ; 00000003; DF.ESP; (dfESPconnectorMgr.cpp:138); {ea96ee62-7061-41b8-8b4e-ad45a05422a6}[Connectors0042] connectorManagerInitialize(): Successfully loaded connector plugin esp_pi_cpi62.dll from C:\PROGRA~1\SAS\Viya\SASEventStreamProcessingEngine\6.2\bin/plugins/
2020-05-06T19:23:26,118; INFO ; 00000003; DF.ESP; (dfESPconnectorMgr.cpp:138); {ea96ee62-7061-41b8-8b4e-ad45a05422a6}[Connectors0042] connectorManagerInitialize(): Successfully loaded connector plugin esp_project_cpi62.dll from C:\PROGRA~1\SAS\Viya\SASEventStreamProcessingEngine\6.2\bin/plugins/
2020-05-06T19:23:26,119; INFO ; 00000003; DF.ESP; (dfESPconnectorMgr.cpp:138); {ea96ee62-7061-41b8-8b4e-ad45a05422a6}[Connectors0042] connectorManagerInitialize(): Successfully loaded connector plugin esp_smtp_cpi62.dll from C:\PROGRA~1\SAS\Viya\SASEventStreamProcessingEngine\6.2\bin/plugins/
2020-05-06T19:23:26,121; INFO ; 00000003; DF.ESP; (dfESPconnectorMgr.cpp:138); {ea96ee62-7061-41b8-8b4e-ad45a05422a6}[Connectors0042] connectorManagerInitialize(): Successfully loaded connector plugin esp_tdlistener_cpi62.dll from C:\PROGRA~1\SAS\Viya\SASEventStreamProcessingEngine\6.2\bin/plugins/
2020-05-06T19:23:26,122; INFO ; 00000003; DF.ESP; (dfESPconnectorMgr.cpp:138); {ea96ee62-7061-41b8-8b4e-ad45a05422a6}[Connectors0042] connectorManagerInitialize(): Successfully loaded connector plugin esp_timer_cpi62.dll from C:\PROGRA~1\SAS\Viya\SASEventStreamProcessingEngine\6.2\bin/plugins/
2020-05-06T19:23:26,123; INFO ; 00000003; DF.ESP; (dfESPconnectorMgr.cpp:138); {ea96ee62-7061-41b8-8b4e-ad45a05422a6}[Connectors0042] connectorManagerInitialize(): Successfully loaded connector plugin esp_url_cpi62.dll from C:\PROGRA~1\SAS\Viya\SASEventStreamProcessingEngine\6.2\bin/plugins/
2020-05-06T19:23:26,125; INFO ; 00000003; DF.ESP; (dfESPconnectorMgr.cpp:138); {ea96ee62-7061-41b8-8b4e-ad45a05422a6}[Connectors0042] connectorManagerInitialize(): Successfully loaded connector plugin esp_websocket_cpi62.dll from C:\PROGRA~1\SAS\Viya\SASEventStreamProcessingEngine\6.2\bin/plugins/
2020-05-06T19:23:26,125; DEBUG; 00000003; DF.ESP; (dfESPconnectorMgr.cpp:89); {ea96ee62-7061-41b8-8b4e-ad45a05422a6}[Connectors0044] connectorManagerInitialize(): Connector plugin esp_adapter_cpi62.dll is already loaded
2020-05-06T19:23:26,125; DEBUG; 00000003; DF.ESP; (dfESPconnectorMgr.cpp:89); {ea96ee62-7061-41b8-8b4e-ad45a05422a6}[Connectors0044] connectorManagerInitialize(): Connector plugin esp_db_cpi62.dll is already loaded
2020-05-06T19:23:26,125; DEBUG; 00000003; DF.ESP; (dfESPconnectorMgr.cpp:89); {ea96ee62-7061-41b8-8b4e-ad45a05422a6}[Connectors0044] connectorManagerInitialize(): Connector plugin esp_fs_cpi62.dll is already loaded
2020-05-06T19:23:26,125; DEBUG; 00000003; DF.ESP; (dfESPconnectorMgr.cpp:89); {ea96ee62-7061-41b8-8b4e-ad45a05422a6}[Connectors0044] connectorManagerInitialize(): Connector plugin esp_kafka_cpi62.dll is already loaded
2020-05-06T19:23:26,125; DEBUG; 00000003; DF.ESP; (dfESPconnectorMgr.cpp:89); {ea96ee62-7061-41b8-8b4e-ad45a05422a6}[Connectors0044] connectorManagerInitialize(): Connector plugin esp_kinesis_cpi62.dll is already loaded
2020-05-06T19:23:26,125; DEBUG; 00000003; DF.ESP; (dfESPconnectorMgr.cpp:89); {ea96ee62-7061-41b8-8b4e-ad45a05422a6}[Connectors0044] connectorManagerInitialize(): Connector plugin esp_nurego_cpi62.dll is already loaded
2020-05-06T19:23:26,125; DEBUG; 00000003; DF.ESP; (dfESPconnectorMgr.cpp:89); {ea96ee62-7061-41b8-8b4e-ad45a05422a6}[Connectors0044] connectorManagerInitialize(): Connector plugin esp_opcua_cpi62.dll is already loaded
2020-05-06T19:23:26,125; DEBUG; 00000003; DF.ESP; (dfESPconnectorMgr.cpp:89); {ea96ee62-7061-41b8-8b4e-ad45a05422a6}[Connectors0044] connectorManagerInitialize(): Connector plugin esp_pi_cpi62.dll is already loaded
2020-05-06T19:23:26,125; DEBUG; 00000003; DF.ESP; (dfESPconnectorMgr.cpp:89); {ea96ee62-7061-41b8-8b4e-ad45a05422a6}[Connectors0044] connectorManagerInitialize(): Connector plugin esp_project_cpi62.dll is already loaded
2020-05-06T19:23:26,125; DEBUG; 00000003; DF.ESP; (dfESPconnectorMgr.cpp:89); {ea96ee62-7061-41b8-8b4e-ad45a05422a6}[Connectors0044] connectorManagerInitialize(): Connector plugin esp_smtp_cpi62.dll is already loaded
2020-05-06T19:23:26,125; DEBUG; 00000003; DF.ESP; (dfESPconnectorMgr.cpp:89); {ea96ee62-7061-41b8-8b4e-ad45a05422a6}[Connectors0044] connectorManagerInitialize(): Connector plugin esp_tdlistener_cpi62.dll is already loaded
2020-05-06T19:23:26,125; DEBUG; 00000003; DF.ESP; (dfESPconnectorMgr.cpp:89); {ea96ee62-7061-41b8-8b4e-ad45a05422a6}[Connectors0044] connectorManagerInitialize(): Connector plugin esp_timer_cpi62.dll is already loaded
2020-05-06T19:23:26,125; DEBUG; 00000003; DF.ESP; (dfESPconnectorMgr.cpp:89); {ea96ee62-7061-41b8-8b4e-ad45a05422a6}[Connectors0044] connectorManagerInitialize(): Connector plugin esp_url_cpi62.dll is already loaded
2020-05-06T19:23:26,125; DEBUG; 00000003; DF.ESP; (dfESPconnectorMgr.cpp:89); {ea96ee62-7061-41b8-8b4e-ad45a05422a6}[Connectors0044] connectorManagerInitialize(): Connector plugin esp_websocket_cpi62.dll is already loaded
2020-05-06T19:23:26,125; DEBUG; 00000003; DF.ESP; (dfESPconnectorMgr.cpp:89); {ea96ee62-7061-41b8-8b4e-ad45a05422a6}[Connectors0044] connectorManagerInitialize(): Connector plugin esp_adapter_cpi62.dll is already loaded
2020-05-06T19:23:26,125; DEBUG; 00000003; DF.ESP; (dfESPconnectorMgr.cpp:89); {ea96ee62-7061-41b8-8b4e-ad45a05422a6}[Connectors0044] connectorManagerInitialize(): Connector plugin esp_db_cpi62.dll is already loaded
2020-05-06T19:23:26,125; DEBUG; 00000003; DF.ESP; (dfESPconnectorMgr.cpp:89); {ea96ee62-7061-41b8-8b4e-ad45a05422a6}[Connectors0044] connectorManagerInitialize(): Connector plugin esp_fs_cpi62.dll is already loaded
2020-05-06T19:23:26,125; DEBUG; 00000003; DF.ESP; (dfESPconnectorMgr.cpp:89); {ea96ee62-7061-41b8-8b4e-ad45a05422a6}[Connectors0044] connectorManagerInitialize(): Connector plugin esp_kafka_cpi62.dll is already loaded
2020-05-06T19:23:26,125; DEBUG; 00000003; DF.ESP; (dfESPconnectorMgr.cpp:89); {ea96ee62-7061-41b8-8b4e-ad45a05422a6}[Connectors0044] connectorManagerInitialize(): Connector plugin esp_kinesis_cpi62.dll is already loaded
2020-05-06T19:23:26,125; DEBUG; 00000003; DF.ESP; (dfESPconnectorMgr.cpp:89); {ea96ee62-7061-41b8-8b4e-ad45a05422a6}[Connectors0044] connectorManagerInitialize(): Connector plugin esp_nurego_cpi62.dll is already loaded
2020-05-06T19:23:26,125; DEBUG; 00000003; DF.ESP; (dfESPconnectorMgr.cpp:89); {ea96ee62-7061-41b8-8b4e-ad45a05422a6}[Connectors0044] connectorManagerInitialize(): Connector plugin esp_opcua_cpi62.dll is already loaded
2020-05-06T19:23:26,125; DEBUG; 00000003; DF.ESP; (dfESPconnectorMgr.cpp:89); {ea96ee62-7061-41b8-8b4e-ad45a05422a6}[Connectors0044] connectorManagerInitialize(): Connector plugin esp_pi_cpi62.dll is already loaded
2020-05-06T19:23:26,126; DEBUG; 00000003; DF.ESP; (dfESPconnectorMgr.cpp:89); {ea96ee62-7061-41b8-8b4e-ad45a05422a6}[Connectors0044] connectorManagerInitialize(): Connector plugin esp_project_cpi62.dll is already loaded
2020-05-06T19:23:26,126; DEBUG; 00000003; DF.ESP; (dfESPconnectorMgr.cpp:89); {ea96ee62-7061-41b8-8b4e-ad45a05422a6}[Connectors0044] connectorManagerInitialize(): Connector plugin esp_smtp_cpi62.dll is already loaded
2020-05-06T19:23:26,126; DEBUG; 00000003; DF.ESP; (dfESPconnectorMgr.cpp:89); {ea96ee62-7061-41b8-8b4e-ad45a05422a6}[Connectors0044] connectorManagerInitialize(): Connector plugin esp_tdlistener_cpi62.dll is already loaded
2020-05-06T19:23:26,126; DEBUG; 00000003; DF.ESP; (dfESPconnectorMgr.cpp:89); {ea96ee62-7061-41b8-8b4e-ad45a05422a6}[Connectors0044] connectorManagerInitialize(): Connector plugin esp_timer_cpi62.dll is already loaded
2020-05-06T19:23:26,126; DEBUG; 00000003; DF.ESP; (dfESPconnectorMgr.cpp:89); {ea96ee62-7061-41b8-8b4e-ad45a05422a6}[Connectors0044] connectorManagerInitialize(): Connector plugin esp_url_cpi62.dll is already loaded
2020-05-06T19:23:26,126; DEBUG; 00000003; DF.ESP; (dfESPconnectorMgr.cpp:89); {ea96ee62-7061-41b8-8b4e-ad45a05422a6}[Connectors0044] connectorManagerInitialize(): Connector plugin esp_websocket_cpi62.dll is already loaded
2020-05-06T19:23:26,128; INFO ; 00000003; DF.ESP; (dfESPengine.cpp:477); {ea96ee62-7061-41b8-8b4e-ad45a05422a6}[Engine0023] dfESPengine::loadUDAFs() for engine ea96ee62-7061-41b8-8b4e-ad45a05422a6: User defined aggregate function plugin library dfxesp_udaf62.dll was not found in path: C:\PROGRA~1\SAS\Viya\SASEventStreamProcessingEngine\6.2\bin;C:\PROGRA~1\SAS\Viya\SASEventStreamProcessingEngine\6.2\bin\plugins;C:\PROGRA~1\SAS\Viya\SASEventStreamProcessingEngine\6.2\lib, no user defined aggregate functions will be loaded
2020-05-06T19:23:26,128; WARN ; 00000003; DF.ESP; (dfESPengine.cpp:707); {ea96ee62-7061-41b8-8b4e-ad45a05422a6}[Engine0037] dfESPengine::initialize() could not connect to Event Metering Server on node undefined, port undefined
2020-05-06T19:23:26,128; WARN ; 00000003; DF.ESP; (dfESPengine.cpp:708); {ea96ee62-7061-41b8-8b4e-ad45a05422a6}[Engine0038] ***** Running in this mode is OK for development, production use however must be METERED. *****
2020-05-06T19:23:26,128; INFO ; 00000003; DF.ESP.AUTH; (dfESPssl.cpp:56); {ea96ee62-7061-41b8-8b4e-ad45a05422a6}[PubSub0007] dfESPssl::initServer(): Pubsub server ssl enabled: using certificate, C:\ProgramData\SAS\Viya\etc\SASEventStreamProcessingEngine\default\server.pem
2020-05-06T19:23:26,129; INFO ; 00000003; DF.ESP.AUTH; (dfESPauth.cpp:227); {ea96ee62-7061-41b8-8b4e-ad45a05422a6}[PubSub0040] dfESPengine::check_server_auth(): auth disabled
2020-05-06T19:23:26,133; INFO ; 00000003; DF.ESP; (dfESPengine.cpp:751); {ea96ee62-7061-41b8-8b4e-ad45a05422a6}[Engine0003] dfESPengine::initialize() for engine ea96ee62-7061-41b8-8b4e-ad45a05422a6: Pub/Sub services are enabled for port 62001, encryption enabled, client authentication disabled
2020-05-06T19:23:26,135; INFO ; 00000003; DF.ESP; (dfESPpermissions.cpp:22); {ea96ee62-7061-41b8-8b4e-ad45a05422a6}[PubSub0093] dfESPpermissions::init(): Access control disabled (permissions.yml not present)
2020-05-06T19:23:26,135; INFO ; 00000003; DF.ESP; (dfESPengine.cpp:771); {ea96ee62-7061-41b8-8b4e-ad45a05422a6}[Engine0007] dfESPengine::initialize() dfESPengine version 6.2 completed initialization
2020-05-06T19:23:26,135; INFO ; 00000003; esp.server; (Esp.cpp:1624); {ea96ee62-7061-41b8-8b4e-ad45a05422a6}[XMLServer0001] HTTP server ssl enabled: using certificate C:\ProgramData\SAS\Viya\etc\SASEventStreamProcessingEngine\default\server.pem for port 62000
2020-05-06T19:23:26,142; INFO ; 00000003; DF.ESP; (C_dfESPpubsubApi.cpp:413); {ea96ee62-7061-41b8-8b4e-ad45a05422a6}[PubSub0056] C_dfESPpubsubInit(): Successfully loaded pubsub plugin esp_native_ppi62.dll from C:\PROGRA~1\SAS\Viya\SASEventStreamProcessingEngine\6.2\bin/plugins/
2020-05-06T19:23:26,158; INFO ; 00000003; esp.pubsub; (PubSub.cpp:132); {ea96ee62-7061-41b8-8b4e-ad45a05422a6}[XMLServer0001] set pubsub connection GPSASDVESP02.gpnet.gapac.com:62001 (local)
2020-05-06T19:23:26,158; INFO ; 00000003; esp.server; (Esp.cpp:709); {ea96ee62-7061-41b8-8b4e-ad45a05422a6}[XMLServer0001] using C:\ProgramData\SAS\Viya\etc\SASEventStreamProcessingEngine\default\mas-modules as MAS store location
2020-05-06T19:23:26,158; INFO ; 00000003; esp.server; (Esp.cpp:729); {ea96ee62-7061-41b8-8b4e-ad45a05422a6}[XMLServer0001] esp engine started, version 6.2, pubsub: 62001
2020-05-06T19:23:26,168; DEBUG; 00000003; DF.ESP; (dfESPexpression_window.cpp:71); {ea96ee62-7061-41b8-8b4e-ad45a05422a6}[Expression0004] dfESPexpression_window::dfESPexpression_window(): ESP Expression Engine Services are up for window Data_Ingestion_Subscriber_Connector
2020-05-06T19:23:26,168; DEBUG; 00000003; DF.ESP; (dfESPcontquery.cpp:586); {ea96ee62-7061-41b8-8b4e-ad45a05422a6}[DynServices0010]          --- adding edge: kafka_incoming --> Data_Ingestion_Subscriber_Connector[-1]
2020-05-06T19:23:26,168; INFO ; 00000003; DF.ESP; (dfESPconnector.cpp:1444); {ea96ee62-7061-41b8-8b4e-ad45a05422a6}[Connectors0087] dfESPconnector::setState(): Connector  in group default has new state: stopped
2020-05-06T19:23:26,168; INFO ; 00000003; DF.ESP; (dfESPconnector.cpp:1444); {ea96ee62-7061-41b8-8b4e-ad45a05422a6}[Connectors0087] dfESPconnector::setState(): Connector  in group default has new state: stopped
2020-05-06T19:23:26,168; INFO ; 00000003; esp.server; (Project.cpp:755); {ea96ee62-7061-41b8-8b4e-ad45a05422a6}[XMLServer0001] starting project datainjestion with 1 threads, pubsub: auto
2020-05-06T19:23:26,173; INFO ; 00000003; DF.ESP; (dfESPproject.cpp:790); {ea96ee62-7061-41b8-8b4e-ad45a05422a6}[Project0009] dfESPproject::startPubSub() for project datainjestion: Pub/Sub services are enabled for port 36355, encryption enabled, client authentication disabled
2020-05-06T19:23:26,184; INFO ; 00000003; DF.ESP; (dfESPkafkaConnector.cpp:2317); {ea96ee62-7061-41b8-8b4e-ad45a05422a6}[Connectors0049] dfESPkafkaConnector::start(): Hot failover state switched to standby
2020-05-06T19:23:26,243; INFO ; 00000003; DF.ESP; (dfESPconnector.cpp:1444); {ea96ee62-7061-41b8-8b4e-ad45a05422a6}[Connectors0087] dfESPconnector::setState(): Connector kafka_OUT in group default has new state: running
2020-05-06T19:23:26,246; INFO ; 00000017; DF.ESP; (dfESPkafkaConnector.cpp:305); {ea96ee62-7061-41b8-8b4e-ad45a05422a6}[Connectors0098] dfESPkafkaConnector::z_watcher(): Zookeeper watcher event: watcher = SESSION_EVENT, state = CONNECTED_STATE, path = 
2020-05-06T19:23:26,250; INFO ; 00000018; DF.ESP; (dfESPkafkaConnector.cpp:342); {ea96ee62-7061-41b8-8b4e-ad45a05422a6}[Connectors0097] dfESPkafkaConnector::z_watcher(): Created zookeeper node /ESP/server-n_0000000011
2020-05-06T19:23:26,251; INFO ; 00000019; DF.ESP; (dfESPkafkaConnector.cpp:286); {ea96ee62-7061-41b8-8b4e-ad45a05422a6}[Connectors0096] dfESPkafkaConnector::watchActiveZnode(): Watching zookeeper node /ESP/server-n_0000000010
2020-05-06T19:23:26,260; INFO ; 00000003; DF.ESP; (dfESPconnector.cpp:1444); {ea96ee62-7061-41b8-8b4e-ad45a05422a6}[Connectors0087] dfESPconnector::setState(): Connector kafka_IN in group default has new state: running
2020-05-06T19:23:26,260; INFO ; 00000003; esp.server; (Esp.cpp:804); {ea96ee62-7061-41b8-8b4e-ad45a05422a6}[XMLServer0001] starting esp server with 1 project(s)

2020-05-06T19:23:26,261; INFO ; 00000024; common.http; (Http.cpp:970); {ea96ee62-7061-41b8-8b4e-ad45a05422a6}[XMLServer0001] starting HTTP server on port 62000, type=admin
2020-05-06T19:23:52,431; INFO ; 00000278; DF.ESP; (dfESPkafkaConnector.cpp:305); {ea96ee62-7061-41b8-8b4e-ad45a05422a6}[Connectors0098] dfESPkafkaConnector::z_watcher(): Zookeeper watcher event: watcher = DELETED_EVENT, state = CONNECTED_STATE, path = /ESP/server-n_0000000010
Terminate batch job (Y/N)? 
